C:\lscc\radiant\2023.2\synpbase\bin64\c_hdl.exe  -osyn  C:\Users\javos\workspace\Mycpu\impl_1\synwork\Mycpu_impl_1_comp.srs  -top  Mycpu  -hdllog  C:\Users\javos\workspace\Mycpu\impl_1\synlog\Mycpu_impl_1_compiler.srr  -encrypt  -mp  4  -verification_mode 0  -vhdl  -prodtype  synplify_pro  -dspmac -fixsmult -infer_seqShift -nram -sdff_counter -divnmod -nostructver  -lattice  -encrypt  -pro  -dmgen  C:\Users\javos\workspace\Mycpu\impl_1\dm  -lite -ui -fid2 -ram -sharing on -ll 2000 -autosm  -work_is_curlib 0  -ignore_undefined_lib  -lib pmi C:\lscc\radiant\2023.2\ip\pmi\pmi_lfd2nx.vhd  -verilog  -prodtype  synplify_pro  -dspmac -fixsmult -infer_seqShift -nram -sdff_counter -divnmod -nostructver  -lattice   -I C:\Users\javos\workspace\Mycpu  -I C:\Users\javos\workspace\Mycpu\Mycpu\lib\latticesemi.com\ip\cpu0\2.5.0  -I C:\Users\javos\workspace\Mycpu\Mycpu\lib\latticesemi.com\ip\gpio0\1.6.2  -I C:\Users\javos\workspace\Mycpu\Mycpu\lib\latticesemi.com\ip\i2c0\2.0.1  -I C:\Users\javos\workspace\Mycpu\Mycpu\lib\latticesemi.com\ip\sysmem0\2.1.0  -I C:\Users\javos\workspace\Mycpu\Mycpu\lib\latticesemi.com\ip\uart0\1.3.0  -I C:\Users\javos\workspace\Mycpu\Mycpu\lib\latticesemi.com\module\ahbl0\1.3.0  -I C:\Users\javos\workspace\Mycpu\Mycpu\lib\latticesemi.com\module\ahbl2apb0\1.1.0  -I C:\Users\javos\workspace\Mycpu\Mycpu\lib\latticesemi.com\module\apb0\1.2.0  -I C:\Users\javos\workspace\Mycpu\Mycpu\lib\latticesemi.com\module\osc0\1.4.0  -I C:\Users\javos\workspace\Mycpu\Mycpu\lib\latticesemi.com\module\pll0\1.8.0  -I C:\Users\javos\workspace\Mycpu\impl_1\  -I C:\lscc\radiant\2023.2\synpbase\lib   -v2001  -devicelib  C:\lscc\radiant\2023.2\synpbase\lib\lucent\lfd2nx.v  -devicelib  C:\lscc\radiant\2023.2\synpbase\lib\lucent\pmi_def.v  -encrypt  -pro  -dmgen  C:\Users\javos\workspace\Mycpu\impl_1\dm  -ui -fid2 -ram -sharing on -ll 2000 -autosm  -D_MULTIPLE_FILE_COMPILATION_UNIT_  -lib work C:\lscc\radiant\2023.2\ip\pmi\pmi_lfd2nx.v -lib work -fv2001 C:\Users\javos\workspace\Mycpu\Mycpu\Mycpu.v -lib work -fv2001 C:\Users\javos\workspace\Mycpu\Mycpu\lib\latticesemi.com\module\pll0\1.8.0\rtl\pll0.v -lib work -fv2001 C:\Users\javos\workspace\Mycpu\Mycpu\lib\latticesemi.com\module\apb0\1.2.0\rtl\apb0.v -lib work -fv2001 C:\Users\javos\workspace\Mycpu\Mycpu\lib\latticesemi.com\module\ahbl2apb0\1.1.0\rtl\ahbl2apb0.v -lib work -fv2001 C:\Users\javos\workspace\Mycpu\Mycpu\lib\latticesemi.com\ip\uart0\1.3.0\rtl\uart0.v -lib work -fv2001 C:\Users\javos\workspace\Mycpu\Mycpu\lib\latticesemi.com\ip\sysmem0\2.1.0\rtl\sysmem0.v -lib work -fv2001 C:\Users\javos\workspace\Mycpu\Mycpu\lib\latticesemi.com\module\ahbl0\1.3.0\rtl\ahbl0.v -lib work -fv2001 C:\Users\javos\workspace\Mycpu\Mycpu\lib\latticesemi.com\ip\cpu0\2.5.0\rtl\cpu0.v -lib work -fv2001 C:\Users\javos\workspace\Mycpu\Mycpu\lib\latticesemi.com\module\osc0\1.4.0\rtl\osc0.v -lib work -fv2001 C:\Users\javos\workspace\Mycpu\Mycpu\lib\latticesemi.com\ip\gpio0\1.6.2\rtl\gpio0.v -lib work -fv2001 C:\Users\javos\workspace\Mycpu\Mycpu\lib\latticesemi.com\ip\i2c0\2.0.1\rtl\i2c0.v  -jobname  "compiler" 
relcom:..\..\..\..\..\..\lscc\radiant\2023.2\synpbase\bin64\c_hdl.exe -osyn ..\synwork\Mycpu_impl_1_comp.srs -top Mycpu -hdllog ..\synlog\Mycpu_impl_1_compiler.srr -encrypt -mp 4 -verification_mode 0 -vhdl -prodtype synplify_pro -dspmac -fixsmult -infer_seqShift -nram -sdff_counter -divnmod -nostructver -lattice -encrypt -pro -dmgen ..\dm -lite -ui -fid2 -ram -sharing on -ll 2000 -autosm -work_is_curlib 0 -ignore_undefined_lib -lib pmi ..\..\..\..\..\..\lscc\radiant\2023.2\ip\pmi\pmi_lfd2nx.vhd -verilog -prodtype synplify_pro -dspmac -fixsmult -infer_seqShift -nram -sdff_counter -divnmod -nostructver -lattice -I ..\..\..\Mycpu -I ..\..\Mycpu\lib\latticesemi.com\ip\cpu0\2.5.0 -I ..\..\Mycpu\lib\latticesemi.com\ip\gpio0\1.6.2 -I ..\..\Mycpu\lib\latticesemi.com\ip\i2c0\2.0.1 -I ..\..\Mycpu\lib\latticesemi.com\ip\sysmem0\2.1.0 -I ..\..\Mycpu\lib\latticesemi.com\ip\uart0\1.3.0 -I ..\..\Mycpu\lib\latticesemi.com\module\ahbl0\1.3.0 -I ..\..\Mycpu\lib\latticesemi.com\module\ahbl2apb0\1.1.0 -I ..\..\Mycpu\lib\latticesemi.com\module\apb0\1.2.0 -I ..\..\Mycpu\lib\latticesemi.com\module\osc0\1.4.0 -I ..\..\Mycpu\lib\latticesemi.com\module\pll0\1.8.0 -I ..\ -I ..\..\..\..\..\..\lscc\radiant\2023.2\synpbase\lib -v2001 -devicelib ..\..\..\..\..\..\lscc\radiant\2023.2\synpbase\lib\lucent\lfd2nx.v -devicelib ..\..\..\..\..\..\lscc\radiant\2023.2\synpbase\lib\lucent\pmi_def.v -encrypt -pro -dmgen ..\dm -ui -fid2 -ram -sharing on -ll 2000 -autosm -D_MULTIPLE_FILE_COMPILATION_UNIT_ -lib work ..\..\..\..\..\..\lscc\radiant\2023.2\ip\pmi\pmi_lfd2nx.v -lib work -fv2001 ..\..\Mycpu\Mycpu.v -lib work -fv2001 ..\..\Mycpu\lib\latticesemi.com\module\pll0\1.8.0\rtl\pll0.v -lib work -fv2001 ..\..\Mycpu\lib\latticesemi.com\module\apb0\1.2.0\rtl\apb0.v -lib work -fv2001 ..\..\Mycpu\lib\latticesemi.com\module\ahbl2apb0\1.1.0\rtl\ahbl2apb0.v -lib work -fv2001 ..\..\Mycpu\lib\latticesemi.com\ip\uart0\1.3.0\rtl\uart0.v -lib work -fv2001 ..\..\Mycpu\lib\latticesemi.com\ip\sysmem0\2.1.0\rtl\sysmem0.v -lib work -fv2001 ..\..\Mycpu\lib\latticesemi.com\module\ahbl0\1.3.0\rtl\ahbl0.v -lib work -fv2001 ..\..\Mycpu\lib\latticesemi.com\ip\cpu0\2.5.0\rtl\cpu0.v -lib work -fv2001 ..\..\Mycpu\lib\latticesemi.com\module\osc0\1.4.0\rtl\osc0.v -lib work -fv2001 ..\..\Mycpu\lib\latticesemi.com\ip\gpio0\1.6.2\rtl\gpio0.v -lib work -fv2001 ..\..\Mycpu\lib\latticesemi.com\ip\i2c0\2.0.1\rtl\i2c0.v -jobname "compiler"
rc:0 success:1 runtime:28
file:..\synwork\mycpu_impl_1_comp.srs|io:o|time:1719405967|size:1373626|exec:0|csum:
file:..\synlog\mycpu_impl_1_compiler.srr|io:o|time:1719405967|size:5250444|exec:0|csum:
file:..\..\..\..\..\..\lscc\radiant\2023.2\ip\pmi\pmi_lfd2nx.vhd|io:i|time:1648540023|size:22204|exec:0|csum:832532867D744757DCEF5D8E10432414
file:..\..\..\..\..\..\lscc\radiant\2023.2\synpbase\lib\lucent\lfd2nx.v|io:i|time:1711013466|size:1183511|exec:0|csum:6404D7A06139938CCA89B9F1EFDE1C54
file:..\..\..\..\..\..\lscc\radiant\2023.2\synpbase\lib\lucent\pmi_def.v|io:i|time:1709958283|size:40584|exec:0|csum:62845CEC2BB6FEBE1BA059B1E18015F4
file:..\..\..\..\..\..\lscc\radiant\2023.2\ip\pmi\pmi_lfd2nx.v|io:i|time:1589160700|size:564|exec:0|csum:AE8E17412737F4886D7C75CC4044E0BB
file:.\-fv2001|io:i|time:0|size:-1|exec:0|csum:
file:..\..\mycpu\mycpu.v|io:i|time:1719405901|size:22013|exec:0|csum:08CA1F5C9ADD2D73BFB219E299DD985F
file:.\-fv2001|io:i|time:0|size:-1|exec:0|csum:
file:..\..\mycpu\lib\latticesemi.com\module\pll0\1.8.0\rtl\pll0.v|io:i|time:1719322858|size:87584|exec:0|csum:98CDD7DA93C50C9DC6ED50AC9AAD368E
file:.\-fv2001|io:i|time:0|size:-1|exec:0|csum:
file:..\..\mycpu\lib\latticesemi.com\module\apb0\1.2.0\rtl\apb0.v|io:i|time:1718995472|size:175802|exec:0|csum:B5B87CC46030ED9E53EEF3B1DAE43CF7
file:.\-fv2001|io:i|time:0|size:-1|exec:0|csum:
file:..\..\mycpu\lib\latticesemi.com\module\ahbl2apb0\1.1.0\rtl\ahbl2apb0.v|io:i|time:1684734500|size:27819|exec:0|csum:43B517C9613F6FF2EB403C8FCAC4A6BC
file:.\-fv2001|io:i|time:0|size:-1|exec:0|csum:
file:..\..\mycpu\lib\latticesemi.com\ip\uart0\1.3.0\rtl\uart0.v|io:i|time:1718977624|size:132327|exec:0|csum:43CE0104C16BB467412A5B5E18CDDD7C
file:.\-fv2001|io:i|time:0|size:-1|exec:0|csum:
file:..\..\mycpu\lib\latticesemi.com\ip\sysmem0\2.1.0\rtl\sysmem0.v|io:i|time:1719405886|size:963985|exec:0|csum:37E948B603336D8F06786567AB588766
file:.\-fv2001|io:i|time:0|size:-1|exec:0|csum:
file:..\..\mycpu\lib\latticesemi.com\module\ahbl0\1.3.0\rtl\ahbl0.v|io:i|time:1684734498|size:447861|exec:0|csum:764A9DF0010B0080C3108019284D6595
file:.\-fv2001|io:i|time:0|size:-1|exec:0|csum:
file:..\..\mycpu\lib\latticesemi.com\ip\cpu0\2.5.0\rtl\cpu0.v|io:i|time:1718995386|size:6141279|exec:0|csum:241D6A9ED614D6FD15CB5FC638DC4548
file:.\-fv2001|io:i|time:0|size:-1|exec:0|csum:
file:..\..\mycpu\lib\latticesemi.com\module\osc0\1.4.0\rtl\osc0.v|io:i|time:1718977640|size:8134|exec:0|csum:C97A33F7CA0421F858C7E55153D63553
file:.\-fv2001|io:i|time:0|size:-1|exec:0|csum:
file:..\..\mycpu\lib\latticesemi.com\ip\gpio0\1.6.2\rtl\gpio0.v|io:i|time:1718977634|size:53651|exec:0|csum:083D076DE3D21A7361FA40A008D30D7F
file:.\-fv2001|io:i|time:0|size:-1|exec:0|csum:
file:..\..\mycpu\lib\latticesemi.com\ip\i2c0\2.0.1\rtl\i2c0.v|io:i|time:1719322872|size:261933|exec:0|csum:3E1B4024E65584640674CCDAFCB88E53
file:..\..\..\..\..\..\lscc\radiant\2023.2\synpbase\bin64\c_hdl.exe|io:i|time:1709958259|size:7462400|exec:1|csum:60972623210ACA0AE25CB36BDD121232
